<?xml version="1.0" encoding="UTF-8"?>
<testsuite name="com.broadleafcommerce.script.BroadLeafCommerceTest" tests="1" skipped="0" failures="0" errors="0" timestamp="2020-03-06T11:47:57" hostname="Deepalis-MacBook-Pro.local" time="4.209">
  <properties/>
  <testcase name="givenURL_WhenValid_ThenShouldLaunchSuccessfully" classname="com.broadleafcommerce.script.BroadLeafCommerceTest" time="4.209"/>
  <system-out><![CDATA[]]></system-out>
  <system-err><![CDATA[[1583495277.951][SEVERE]: Timed out receiving message from renderer: 0.100
[1583495278.053][SEVERE]: Timed out receiving message from renderer: 0.100
[1583495278.155][SEVERE]: Timed out receiving message from renderer: 0.100
[1583495278.257][SEVERE]: Timed out receiving message from renderer: 0.100
[1583495278.391][SEVERE]: Timed out receiving message from renderer: 0.100
[1583495278.493][SEVERE]: Timed out receiving message from renderer: 0.100
[1583495278.595][SEVERE]: Timed out receiving message from renderer: 0.100
[1583495280.743][SEVERE]: Timed out receiving message from renderer: 0.100
[1583495280.845][SEVERE]: Timed out receiving message from renderer: 0.100
[1583495280.947][SEVERE]: Timed out receiving message from renderer: 0.100
[1583495281.049][SEVERE]: Timed out receiving message from renderer: 0.100
[1583495281.217][SEVERE]: Timed out receiving message from renderer: 0.100
[1583495281.320][SEVERE]: Timed out receiving message from renderer: 0.100
]]></system-err>
</testsuite>
