<?xml version="1.0" encoding="UTF-8"?>
<testsuite name="com.broadleafcommerce.script.RegisterTest" tests="1" skipped="0" failures="0" errors="0" timestamp="2020-03-11T09:29:27" hostname="Deepalis-MacBook-Pro.local" time="4.353">
  <properties/>
  <testcase name="givenURL_WhenValid_ThenShouldLaunchSuccessfully" classname="com.broadleafcommerce.script.RegisterTest" time="4.353"/>
  <system-out><![CDATA[]]></system-out>
  <system-err><![CDATA[SLF4J: Failed to load class "org.slf4j.impl.StaticLoggerBinder".
SLF4J: Defaulting to no-operation (NOP) logger implementation
SLF4J: See http://www.slf4j.org/codes.html#StaticLoggerBinder for further details.
Starting ChromeDriver 80.0.3987.106 (f68069574609230cf9b635cd784cfb1bf81bb53a-refs/branch-heads/3987@{#882}) on port 15010
Only local connections are allowed.
Please protect ports used by ChromeDriver and related test frameworks to prevent access by malicious code.
Mar 11, 2020 2:59:22 PM org.openqa.selenium.remote.ProtocolHandshake createSession
INFO: Detected dialect: W3C
[1583918963.473][SEVERE]: Timed out receiving message from renderer: 0.100
[1583918963.575][SEVERE]: Timed out receiving message from renderer: 0.100
[1583918963.677][SEVERE]: Timed out receiving message from renderer: 0.100
[1583918963.779][SEVERE]: Timed out receiving message from renderer: 0.100
[1583918963.881][SEVERE]: Timed out receiving message from renderer: 0.100
[1583918963.983][SEVERE]: Timed out receiving message from renderer: 0.100
[1583918964.085][SEVERE]: Timed out receiving message from renderer: 0.100
[1583918964.188][SEVERE]: Timed out receiving message from renderer: 0.100
[1583918964.290][SEVERE]: Timed out receiving message from renderer: 0.100
[1583918964.392][SEVERE]: Timed out receiving message from renderer: 0.100
[1583918964.494][SEVERE]: Timed out receiving message from renderer: 0.100
[1583918964.596][SEVERE]: Timed out receiving message from renderer: 0.100
[1583918964.832][SEVERE]: Timed out receiving message from renderer: 0.100
[1583918965.004][SEVERE]: Timed out receiving message from renderer: 0.100
[1583918965.106][SEVERE]: Timed out receiving message from renderer: 0.100
[1583918965.210][SEVERE]: Timed out receiving message from renderer: 0.100
[1583918965.312][SEVERE]: Timed out receiving message from renderer: 0.100
[1583918965.415][SEVERE]: Timed out receiving message from renderer: 0.100
[1583918965.517][SEVERE]: Timed out receiving message from renderer: 0.100
[1583918965.619][SEVERE]: Timed out receiving message from renderer: 0.100
[1583918965.721][SEVERE]: Timed out receiving message from renderer: 0.100
[1583918965.824][SEVERE]: Timed out receiving message from renderer: 0.100
[1583918965.926][SEVERE]: Timed out receiving message from renderer: 0.100
[1583918966.028][SEVERE]: Timed out receiving message from renderer: 0.100
[1583918966.130][SEVERE]: Timed out receiving message from renderer: 0.100
[1583918966.232][SEVERE]: Timed out receiving message from renderer: 0.100
[1583918966.334][SEVERE]: Timed out receiving message from renderer: 0.100
[1583918966.463][SEVERE]: Timed out receiving message from renderer: 0.100
[1583918966.565][SEVERE]: Timed out receiving message from renderer: 0.100
[1583918966.666][SEVERE]: Timed out receiving message from renderer: 0.100
[1583918966.768][SEVERE]: Timed out receiving message from renderer: 0.100
[1583918966.871][SEVERE]: Timed out receiving message from renderer: 0.100
[1583918967.043][SEVERE]: Timed out receiving message from renderer: 0.100
[1583918967.145][SEVERE]: Timed out receiving message from renderer: 0.100
[1583918967.248][SEVERE]: Timed out receiving message from renderer: 0.100
[1583918967.349][SEVERE]: Timed out receiving message from renderer: 0.100
[1583918967.975][SEVERE]: Timed out receiving message from renderer: 0.100
[1583918968.076][SEVERE]: Timed out receiving message from renderer: 0.100
[1583918968.177][SEVERE]: Timed out receiving message from renderer: 0.100
[1583918968.279][SEVERE]: Timed out receiving message from renderer: 0.100
[1583918968.445][SEVERE]: Timed out receiving message from renderer: 0.100
[1583918968.546][SEVERE]: Timed out receiving message from renderer: 0.100
[1583918968.650][SEVERE]: Timed out receiving message from renderer: 0.100
[1583918971.112][SEVERE]: Timed out receiving message from renderer: 0.100
[1583918971.213][SEVERE]: Timed out receiving message from renderer: 0.100
[1583918971.356][SEVERE]: Timed out receiving message from renderer: 0.100
[1583918971.458][SEVERE]: Timed out receiving message from renderer: 0.100
[1583918971.636][SEVERE]: Timed out receiving message from renderer: 0.100
[1583918971.738][SEVERE]: Timed out receiving message from renderer: 0.100
]]></system-err>
</testsuite>
