<?xml version="1.0" encoding="UTF-8"?>
<testsuite name="com.broadleafcommerce.script.MarchandisePageTest" tests="3" skipped="0" failures="0" errors="0" timestamp="2020-03-14T11:27:34" hostname="Deepalis-MacBook-Pro.local" time="87.592">
  <properties/>
  <testcase name="testTitle" classname="com.broadleafcommerce.script.MarchandisePageTest" time="1.012"/>
  <testcase name="verifyMerchandisePageText" classname="com.broadleafcommerce.script.MarchandisePageTest" time="0.045"/>
  <testcase name="verifyMerchandiseTest" classname="com.broadleafcommerce.script.MarchandisePageTest" time="17.232"/>
  <system-out><![CDATA[]]></system-out>
  <system-err><![CDATA[SLF4J: Failed to load class "org.slf4j.impl.StaticLoggerBinder".
SLF4J: Defaulting to no-operation (NOP) logger implementation
SLF4J: See http://www.slf4j.org/codes.html#StaticLoggerBinder for further details.
Starting ChromeDriver 80.0.3987.106 (f68069574609230cf9b635cd784cfb1bf81bb53a-refs/branch-heads/3987@{#882}) on port 36572
Only local connections are allowed.
Please protect ports used by ChromeDriver and related test frameworks to prevent access by malicious code.
Mar 14, 2020 4:57:21 PM org.openqa.selenium.remote.ProtocolHandshake createSession
INFO: Detected dialect: W3C
[1584185243.120][SEVERE]: Timed out receiving message from renderer: 0.100
[1584185243.222][SEVERE]: Timed out receiving message from renderer: 0.100
[1584185243.323][SEVERE]: Timed out receiving message from renderer: 0.100
[1584185243.425][SEVERE]: Timed out receiving message from renderer: 0.100
[1584185243.526][SEVERE]: Timed out receiving message from renderer: 0.100
[1584185243.628][SEVERE]: Timed out receiving message from renderer: 0.100
[1584185243.730][SEVERE]: Timed out receiving message from renderer: 0.100
[1584185243.832][SEVERE]: Timed out receiving message from renderer: 0.100
[1584185243.933][SEVERE]: Timed out receiving message from renderer: 0.100
[1584185244.035][SEVERE]: Timed out receiving message from renderer: 0.100
[1584185244.137][SEVERE]: Timed out receiving message from renderer: 0.100
[1584185244.239][SEVERE]: Timed out receiving message from renderer: 0.100
[1584185244.565][SEVERE]: Timed out receiving message from renderer: 0.100
[1584185244.667][SEVERE]: Timed out receiving message from renderer: 0.100
[1584185244.769][SEVERE]: Timed out receiving message from renderer: 0.100
[1584185244.869][SEVERE]: Timed out receiving message from renderer: 0.100
[1584185244.971][SEVERE]: Timed out receiving message from renderer: 0.100
[1584185245.113][SEVERE]: Timed out receiving message from renderer: 0.100
[1584185245.216][SEVERE]: Timed out receiving message from renderer: 0.100
[1584185245.318][SEVERE]: Timed out receiving message from renderer: 0.100
[1584185245.420][SEVERE]: Timed out receiving message from renderer: 0.100
[1584185245.522][SEVERE]: Timed out receiving message from renderer: 0.100
[1584185245.624][SEVERE]: Timed out receiving message from renderer: 0.100
[1584185245.726][SEVERE]: Timed out receiving message from renderer: 0.100
[1584185245.828][SEVERE]: Timed out receiving message from renderer: 0.100
[1584185245.930][SEVERE]: Timed out receiving message from renderer: 0.100
[1584185246.033][SEVERE]: Timed out receiving message from renderer: 0.100
[1584185246.134][SEVERE]: Timed out receiving message from renderer: 0.100
[1584185246.236][SEVERE]: Timed out receiving message from renderer: 0.100
[1584185246.339][SEVERE]: Timed out receiving message from renderer: 0.100
[1584185246.441][SEVERE]: Timed out receiving message from renderer: 0.100
[1584185246.542][SEVERE]: Timed out receiving message from renderer: 0.100
[1584185246.644][SEVERE]: Timed out receiving message from renderer: 0.100
[1584185246.746][SEVERE]: Timed out receiving message from renderer: 0.100
[1584185246.847][SEVERE]: Timed out receiving message from renderer: 0.100
[1584185246.949][SEVERE]: Timed out receiving message from renderer: 0.100
[1584185247.050][SEVERE]: Timed out receiving message from renderer: 0.100
[1584185247.152][SEVERE]: Timed out receiving message from renderer: 0.100
[1584185247.255][SEVERE]: Timed out receiving message from renderer: 0.100
[1584185247.357][SEVERE]: Timed out receiving message from renderer: 0.100
[1584185247.459][SEVERE]: Timed out receiving message from renderer: 0.100
[1584185247.560][SEVERE]: Timed out receiving message from renderer: 0.100
[1584185247.662][SEVERE]: Timed out receiving message from renderer: 0.100
[1584185247.764][SEVERE]: Timed out receiving message from renderer: 0.100
[1584185247.887][SEVERE]: Timed out receiving message from renderer: 0.100
[1584185247.989][SEVERE]: Timed out receiving message from renderer: 0.100
[1584185248.092][SEVERE]: Timed out receiving message from renderer: 0.100
[1584185248.194][SEVERE]: Timed out receiving message from renderer: 0.100
[1584185248.296][SEVERE]: Timed out receiving message from renderer: 0.100
[1584185248.398][SEVERE]: Timed out receiving message from renderer: 0.100
[1584185248.501][SEVERE]: Timed out receiving message from renderer: 0.100
[1584185250.336][SEVERE]: Timed out receiving message from renderer: 0.100
[1584185250.439][SEVERE]: Timed out receiving message from renderer: 0.100
[1584185250.541][SEVERE]: Timed out receiving message from renderer: 0.100
[1584185250.643][SEVERE]: Timed out receiving message from renderer: 0.100
[1584185250.746][SEVERE]: Timed out receiving message from renderer: 0.100
[1584185250.868][SEVERE]: Timed out receiving message from renderer: 0.100
[1584185250.969][SEVERE]: Timed out receiving message from renderer: 0.100
[1584185251.071][SEVERE]: Timed out receiving message from renderer: 0.100
[1584185251.173][SEVERE]: Timed out receiving message from renderer: 0.100
[1584185251.275][SEVERE]: Timed out receiving message from renderer: 0.100
[1584185251.378][SEVERE]: Timed out receiving message from renderer: 0.100
[1584185251.479][SEVERE]: Timed out receiving message from renderer: 0.100
[1584185251.581][SEVERE]: Timed out receiving message from renderer: 0.100
[1584185251.684][SEVERE]: Timed out receiving message from renderer: 0.100
[1584185251.787][SEVERE]: Timed out receiving message from renderer: 0.100
[1584185251.888][SEVERE]: Timed out receiving message from renderer: 0.100
[1584185252.011][SEVERE]: Timed out receiving message from renderer: 0.100
[1584185252.113][SEVERE]: Timed out receiving message from renderer: 0.100
[1584185252.215][SEVERE]: Timed out receiving message from renderer: 0.100
[1584185252.317][SEVERE]: Timed out receiving message from renderer: 0.100
[1584185252.419][SEVERE]: Timed out receiving message from renderer: 0.100
[1584185252.522][SEVERE]: Timed out receiving message from renderer: 0.100
[1584185252.624][SEVERE]: Timed out receiving message from renderer: 0.100
[1584185253.472][SEVERE]: Timed out receiving message from renderer: 0.100
[1584185253.574][SEVERE]: Timed out receiving message from renderer: 0.100
[1584185253.675][SEVERE]: Timed out receiving message from renderer: 0.100
[1584185253.777][SEVERE]: Timed out receiving message from renderer: 0.100
[1584185253.910][SEVERE]: Timed out receiving message from renderer: 0.100
[1584185254.012][SEVERE]: Timed out receiving message from renderer: 0.100
[1584185254.214][SEVERE]: Timed out receiving message from renderer: 0.100
[1584185254.316][SEVERE]: Timed out receiving message from renderer: 0.100
[1584185254.418][SEVERE]: Timed out receiving message from renderer: 0.100
[1584185254.520][SEVERE]: Timed out receiving message from renderer: 0.100
Starting ChromeDriver 80.0.3987.106 (f68069574609230cf9b635cd784cfb1bf81bb53a-refs/branch-heads/3987@{#882}) on port 4420
Only local connections are allowed.
Please protect ports used by ChromeDriver and related test frameworks to prevent access by malicious code.
Mar 14, 2020 4:57:36 PM org.openqa.selenium.remote.ProtocolHandshake createSession
INFO: Detected dialect: W3C
[1584185257.346][SEVERE]: Timed out receiving message from renderer: 0.100
[1584185257.449][SEVERE]: Timed out receiving message from renderer: 0.100
[1584185257.551][SEVERE]: Timed out receiving message from renderer: 0.100
[1584185257.654][SEVERE]: Timed out receiving message from renderer: 0.100
[1584185257.756][SEVERE]: Timed out receiving message from renderer: 0.100
[1584185257.858][SEVERE]: Timed out receiving message from renderer: 0.100
[1584185257.959][SEVERE]: Timed out receiving message from renderer: 0.100
[1584185258.061][SEVERE]: Timed out receiving message from renderer: 0.100
[1584185258.163][SEVERE]: Timed out receiving message from renderer: 0.100
[1584185258.264][SEVERE]: Timed out receiving message from renderer: 0.100
[1584185258.366][SEVERE]: Timed out receiving message from renderer: 0.100
[1584185258.467][SEVERE]: Timed out receiving message from renderer: 0.100
[1584185258.570][SEVERE]: Timed out receiving message from renderer: 0.100
[1584185258.672][SEVERE]: Timed out receiving message from renderer: 0.100
[1584185258.778][SEVERE]: Timed out receiving message from renderer: 0.100
[1584185258.880][SEVERE]: Timed out receiving message from renderer: 0.100
[1584185258.982][SEVERE]: Timed out receiving message from renderer: 0.100
[1584185259.085][SEVERE]: Timed out receiving message from renderer: 0.100
[1584185259.187][SEVERE]: Timed out receiving message from renderer: 0.100
[1584185259.290][SEVERE]: Timed out receiving message from renderer: 0.100
[1584185259.393][SEVERE]: Timed out receiving message from renderer: 0.100
[1584185259.495][SEVERE]: Timed out receiving message from renderer: 0.100
[1584185259.597][SEVERE]: Timed out receiving message from renderer: 0.100
[1584185259.699][SEVERE]: Timed out receiving message from renderer: 0.100
[1584185259.801][SEVERE]: Timed out receiving message from renderer: 0.100
[1584185259.903][SEVERE]: Timed out receiving message from renderer: 0.100
[1584185260.005][SEVERE]: Timed out receiving message from renderer: 0.100
[1584185260.107][SEVERE]: Timed out receiving message from renderer: 0.100
[1584185260.209][SEVERE]: Timed out receiving message from renderer: 0.100
[1584185260.311][SEVERE]: Timed out receiving message from renderer: 0.100
[1584185260.413][SEVERE]: Timed out receiving message from renderer: 0.100
[1584185260.515][SEVERE]: Timed out receiving message from renderer: 0.100
[1584185260.616][SEVERE]: Timed out receiving message from renderer: 0.100
[1584185260.718][SEVERE]: Timed out receiving message from renderer: 0.100
[1584185260.820][SEVERE]: Timed out receiving message from renderer: 0.100
[1584185260.923][SEVERE]: Timed out receiving message from renderer: 0.100
[1584185261.026][SEVERE]: Timed out receiving message from renderer: 0.100
[1584185261.128][SEVERE]: Timed out receiving message from renderer: 0.100
[1584185261.229][SEVERE]: Timed out receiving message from renderer: 0.100
[1584185261.330][SEVERE]: Timed out receiving message from renderer: 0.100
[1584185261.432][SEVERE]: Timed out receiving message from renderer: 0.100
[1584185261.534][SEVERE]: Timed out receiving message from renderer: 0.100
[1584185261.635][SEVERE]: Timed out receiving message from renderer: 0.100
[1584185261.738][SEVERE]: Timed out receiving message from renderer: 0.100
[1584185261.839][SEVERE]: Timed out receiving message from renderer: 0.100
[1584185261.941][SEVERE]: Timed out receiving message from renderer: 0.100
[1584185262.043][SEVERE]: Timed out receiving message from renderer: 0.100
[1584185262.145][SEVERE]: Timed out receiving message from renderer: 0.100
[1584185262.248][SEVERE]: Timed out receiving message from renderer: 0.100
[1584185262.349][SEVERE]: Timed out receiving message from renderer: 0.100
[1584185262.452][SEVERE]: Timed out receiving message from renderer: 0.100
[1584185262.554][SEVERE]: Timed out receiving message from renderer: 0.100
[1584185262.657][SEVERE]: Timed out receiving message from renderer: 0.100
[1584185262.758][SEVERE]: Timed out receiving message from renderer: 0.100
[1584185262.860][SEVERE]: Timed out receiving message from renderer: 0.100
[1584185262.962][SEVERE]: Timed out receiving message from renderer: 0.100
[1584185263.064][SEVERE]: Timed out receiving message from renderer: 0.100
[1584185263.167][SEVERE]: Timed out receiving message from renderer: 0.100
[1584185263.269][SEVERE]: Timed out receiving message from renderer: 0.100
[1584185263.371][SEVERE]: Timed out receiving message from renderer: 0.100
[1584185263.474][SEVERE]: Timed out receiving message from renderer: 0.100
[1584185263.576][SEVERE]: Timed out receiving message from renderer: 0.100
[1584185263.678][SEVERE]: Timed out receiving message from renderer: 0.100
[1584185263.780][SEVERE]: Timed out receiving message from renderer: 0.100
[1584185263.881][SEVERE]: Timed out receiving message from renderer: 0.100
[1584185263.983][SEVERE]: Timed out receiving message from renderer: 0.100
[1584185264.086][SEVERE]: Timed out receiving message from renderer: 0.100
[1584185264.189][SEVERE]: Timed out receiving message from renderer: 0.100
[1584185264.291][SEVERE]: Timed out receiving message from renderer: 0.100
[1584185264.393][SEVERE]: Timed out receiving message from renderer: 0.100
[1584185264.496][SEVERE]: Timed out receiving message from renderer: 0.100
[1584185264.598][SEVERE]: Timed out receiving message from renderer: 0.100
[1584185264.700][SEVERE]: Timed out receiving message from renderer: 0.100
[1584185264.803][SEVERE]: Timed out receiving message from renderer: 0.100
[1584185264.906][SEVERE]: Timed out receiving message from renderer: 0.100
[1584185265.008][SEVERE]: Timed out receiving message from renderer: 0.100
[1584185265.110][SEVERE]: Timed out receiving message from renderer: 0.100
[1584185265.212][SEVERE]: Timed out receiving message from renderer: 0.100
[1584185265.314][SEVERE]: Timed out receiving message from renderer: 0.100
[1584185265.416][SEVERE]: Timed out receiving message from renderer: 0.100
[1584185265.518][SEVERE]: Timed out receiving message from renderer: 0.100
[1584185265.620][SEVERE]: Timed out receiving message from renderer: 0.100
[1584185265.722][SEVERE]: Timed out receiving message from renderer: 0.100
[1584185265.825][SEVERE]: Timed out receiving message from renderer: 0.100
[1584185265.927][SEVERE]: Timed out receiving message from renderer: 0.100
[1584185266.030][SEVERE]: Timed out receiving message from renderer: 0.100
[1584185266.132][SEVERE]: Timed out receiving message from renderer: 0.100
[1584185266.234][SEVERE]: Timed out receiving message from renderer: 0.100
[1584185266.336][SEVERE]: Timed out receiving message from renderer: 0.100
[1584185266.439][SEVERE]: Timed out receiving message from renderer: 0.100
[1584185266.541][SEVERE]: Timed out receiving message from renderer: 0.100
[1584185266.644][SEVERE]: Timed out receiving message from renderer: 0.100
[1584185266.745][SEVERE]: Timed out receiving message from renderer: 0.100
[1584185266.847][SEVERE]: Timed out receiving message from renderer: 0.100
[1584185266.949][SEVERE]: Timed out receiving message from renderer: 0.100
[1584185267.051][SEVERE]: Timed out receiving message from renderer: 0.100
[1584185267.154][SEVERE]: Timed out receiving message from renderer: 0.100
[1584185267.256][SEVERE]: Timed out receiving message from renderer: 0.100
[1584185267.359][SEVERE]: Timed out receiving message from renderer: 0.100
[1584185267.461][SEVERE]: Timed out receiving message from renderer: 0.100
[1584185267.563][SEVERE]: Timed out receiving message from renderer: 0.100
[1584185267.665][SEVERE]: Timed out receiving message from renderer: 0.100
[1584185267.768][SEVERE]: Timed out receiving message from renderer: 0.100
[1584185267.869][SEVERE]: Timed out receiving message from renderer: 0.100
[1584185267.972][SEVERE]: Timed out receiving message from renderer: 0.100
[1584185268.074][SEVERE]: Timed out receiving message from renderer: 0.100
[1584185268.176][SEVERE]: Timed out receiving message from renderer: 0.100
[1584185268.278][SEVERE]: Timed out receiving message from renderer: 0.100
[1584185268.381][SEVERE]: Timed out receiving message from renderer: 0.100
[1584185268.483][SEVERE]: Timed out receiving message from renderer: 0.100
[1584185268.585][SEVERE]: Timed out receiving message from renderer: 0.100
[1584185268.688][SEVERE]: Timed out receiving message from renderer: 0.100
[1584185268.790][SEVERE]: Timed out receiving message from renderer: 0.100
[1584185268.892][SEVERE]: Timed out receiving message from renderer: 0.100
[1584185268.994][SEVERE]: Timed out receiving message from renderer: 0.100
[1584185269.096][SEVERE]: Timed out receiving message from renderer: 0.100
[1584185269.197][SEVERE]: Timed out receiving message from renderer: 0.100
[1584185269.299][SEVERE]: Timed out receiving message from renderer: 0.100
[1584185269.401][SEVERE]: Timed out receiving message from renderer: 0.100
[1584185269.503][SEVERE]: Timed out receiving message from renderer: 0.100
[1584185269.606][SEVERE]: Timed out receiving message from renderer: 0.100
[1584185269.708][SEVERE]: Timed out receiving message from renderer: 0.100
[1584185269.810][SEVERE]: Timed out receiving message from renderer: 0.100
[1584185269.912][SEVERE]: Timed out receiving message from renderer: 0.100
[1584185270.014][SEVERE]: Timed out receiving message from renderer: 0.100
[1584185270.117][SEVERE]: Timed out receiving message from renderer: 0.100
[1584185270.219][SEVERE]: Timed out receiving message from renderer: 0.100
[1584185270.322][SEVERE]: Timed out receiving message from renderer: 0.100
[1584185270.424][SEVERE]: Timed out receiving message from renderer: 0.100
[1584185270.526][SEVERE]: Timed out receiving message from renderer: 0.100
[1584185270.628][SEVERE]: Timed out receiving message from renderer: 0.100
[1584185270.730][SEVERE]: Timed out receiving message from renderer: 0.100
[1584185270.832][SEVERE]: Timed out receiving message from renderer: 0.100
[1584185270.934][SEVERE]: Timed out receiving message from renderer: 0.100
[1584185271.037][SEVERE]: Timed out receiving message from renderer: 0.100
[1584185271.139][SEVERE]: Timed out receiving message from renderer: 0.100
[1584185271.241][SEVERE]: Timed out receiving message from renderer: 0.100
[1584185271.343][SEVERE]: Timed out receiving message from renderer: 0.100
[1584185271.446][SEVERE]: Timed out receiving message from renderer: 0.100
[1584185271.548][SEVERE]: Timed out receiving message from renderer: 0.100
[1584185271.651][SEVERE]: Timed out receiving message from renderer: 0.100
[1584185271.753][SEVERE]: Timed out receiving message from renderer: 0.100
[1584185271.854][SEVERE]: Timed out receiving message from renderer: 0.100
[1584185271.957][SEVERE]: Timed out receiving message from renderer: 0.100
[1584185272.059][SEVERE]: Timed out receiving message from renderer: 0.100
[1584185272.161][SEVERE]: Timed out receiving message from renderer: 0.100
[1584185272.263][SEVERE]: Timed out receiving message from renderer: 0.100
[1584185272.365][SEVERE]: Timed out receiving message from renderer: 0.100
[1584185272.468][SEVERE]: Timed out receiving message from renderer: 0.100
[1584185272.571][SEVERE]: Timed out receiving message from renderer: 0.100
[1584185272.673][SEVERE]: Timed out receiving message from renderer: 0.100
[1584185272.776][SEVERE]: Timed out receiving message from renderer: 0.100
[1584185273.201][SEVERE]: Timed out receiving message from renderer: 0.100
[1584185273.302][SEVERE]: Timed out receiving message from renderer: 0.100
[1584185273.405][SEVERE]: Timed out receiving message from renderer: 0.100
[1584185273.506][SEVERE]: Timed out receiving message from renderer: 0.100
[1584185273.608][SEVERE]: Timed out receiving message from renderer: 0.100
[1584185273.709][SEVERE]: Timed out receiving message from renderer: 0.100
[1584185273.811][SEVERE]: Timed out receiving message from renderer: 0.100
[1584185273.913][SEVERE]: Timed out receiving message from renderer: 0.100
[1584185274.015][SEVERE]: Timed out receiving message from renderer: 0.100
[1584185274.117][SEVERE]: Timed out receiving message from renderer: 0.100
[1584185274.219][SEVERE]: Timed out receiving message from renderer: 0.100
[1584185275.862][SEVERE]: Timed out receiving message from renderer: 0.100
[1584185275.965][SEVERE]: Timed out receiving message from renderer: 0.100
[1584185276.067][SEVERE]: Timed out receiving message from renderer: 0.100
[1584185276.168][SEVERE]: Timed out receiving message from renderer: 0.100
[1584185276.271][SEVERE]: Timed out receiving message from renderer: 0.100
[1584185276.477][SEVERE]: Timed out receiving message from renderer: 0.100
[1584185276.578][SEVERE]: Timed out receiving message from renderer: 0.100
[1584185276.712][SEVERE]: Timed out receiving message from renderer: 0.100
[1584185276.814][SEVERE]: Timed out receiving message from renderer: 0.100
[1584185276.915][SEVERE]: Timed out receiving message from renderer: 0.100
[1584185277.017][SEVERE]: Timed out receiving message from renderer: 0.100
[1584185277.164][SEVERE]: Timed out receiving message from renderer: 0.100
[1584185277.267][SEVERE]: Timed out receiving message from renderer: 0.100
[1584185277.368][SEVERE]: Timed out receiving message from renderer: 0.100
[1584185277.470][SEVERE]: Timed out receiving message from renderer: 0.100
[1584185277.573][SEVERE]: Timed out receiving message from renderer: 0.100
[1584185277.789][SEVERE]: Timed out receiving message from renderer: 0.100
[1584185277.891][SEVERE]: Timed out receiving message from renderer: 0.100
[1584185277.993][SEVERE]: Timed out receiving message from renderer: 0.100
[1584185278.095][SEVERE]: Timed out receiving message from renderer: 0.100
[1584185278.197][SEVERE]: Timed out receiving message from renderer: 0.100
[1584185278.300][SEVERE]: Timed out receiving message from renderer: 0.100
[1584185278.403][SEVERE]: Timed out receiving message from renderer: 0.100
[1584185278.505][SEVERE]: Timed out receiving message from renderer: 0.100
[1584185278.607][SEVERE]: Timed out receiving message from renderer: 0.100
[1584185278.709][SEVERE]: Timed out receiving message from renderer: 0.100
[1584185278.812][SEVERE]: Timed out receiving message from renderer: 0.100
[1584185278.914][SEVERE]: Timed out receiving message from renderer: 0.100
[1584185279.015][SEVERE]: Timed out receiving message from renderer: 0.100
[1584185279.118][SEVERE]: Timed out receiving message from renderer: 0.100
[1584185279.220][SEVERE]: Timed out receiving message from renderer: 0.100
[1584185279.323][SEVERE]: Timed out receiving message from renderer: 0.100
[1584185279.436][SEVERE]: Timed out receiving message from renderer: 0.100
[1584185279.538][SEVERE]: Timed out receiving message from renderer: 0.100
[1584185279.640][SEVERE]: Timed out receiving message from renderer: 0.100
[1584185279.743][SEVERE]: Timed out receiving message from renderer: 0.100
[1584185279.845][SEVERE]: Timed out receiving message from renderer: 0.100
[1584185279.947][SEVERE]: Timed out receiving message from renderer: 0.100
[1584185280.049][SEVERE]: Timed out receiving message from renderer: 0.100
[1584185280.151][SEVERE]: Timed out receiving message from renderer: 0.100
[1584185280.254][SEVERE]: Timed out receiving message from renderer: 0.100
[1584185280.356][SEVERE]: Timed out receiving message from renderer: 0.100
[1584185280.459][SEVERE]: Timed out receiving message from renderer: 0.100
[1584185280.562][SEVERE]: Timed out receiving message from renderer: 0.100
[1584185280.664][SEVERE]: Timed out receiving message from renderer: 0.100
[1584185280.766][SEVERE]: Timed out receiving message from renderer: 0.100
[1584185280.869][SEVERE]: Timed out receiving message from renderer: 0.100
[1584185280.972][SEVERE]: Timed out receiving message from renderer: 0.100
[1584185281.074][SEVERE]: Timed out receiving message from renderer: 0.100
[1584185281.176][SEVERE]: Timed out receiving message from renderer: 0.100
[1584185281.279][SEVERE]: Timed out receiving message from renderer: 0.100
[1584185281.381][SEVERE]: Timed out receiving message from renderer: 0.100
[1584185281.482][SEVERE]: Timed out receiving message from renderer: 0.100
[1584185281.584][SEVERE]: Timed out receiving message from renderer: 0.100
[1584185281.686][SEVERE]: Timed out receiving message from renderer: 0.100
[1584185281.788][SEVERE]: Timed out receiving message from renderer: 0.100
[1584185281.890][SEVERE]: Timed out receiving message from renderer: 0.100
[1584185281.992][SEVERE]: Timed out receiving message from renderer: 0.100
[1584185282.094][SEVERE]: Timed out receiving message from renderer: 0.100
[1584185282.195][SEVERE]: Timed out receiving message from renderer: 0.100
[1584185282.296][SEVERE]: Timed out receiving message from renderer: 0.100
[1584185282.398][SEVERE]: Timed out receiving message from renderer: 0.100
[1584185282.499][SEVERE]: Timed out receiving message from renderer: 0.100
[1584185282.602][SEVERE]: Timed out receiving message from renderer: 0.100
[1584185282.703][SEVERE]: Timed out receiving message from renderer: 0.100
[1584185282.805][SEVERE]: Timed out receiving message from renderer: 0.100
[1584185282.907][SEVERE]: Timed out receiving message from renderer: 0.100
[1584185283.009][SEVERE]: Timed out receiving message from renderer: 0.100
[1584185283.112][SEVERE]: Timed out receiving message from renderer: 0.100
[1584185283.213][SEVERE]: Timed out receiving message from renderer: 0.100
[1584185283.314][SEVERE]: Timed out receiving message from renderer: 0.100
[1584185283.416][SEVERE]: Timed out receiving message from renderer: 0.100
[1584185283.517][SEVERE]: Timed out receiving message from renderer: 0.100
[1584185283.619][SEVERE]: Timed out receiving message from renderer: 0.100
[1584185283.722][SEVERE]: Timed out receiving message from renderer: 0.100
[1584185283.823][SEVERE]: Timed out receiving message from renderer: 0.100
[1584185283.925][SEVERE]: Timed out receiving message from renderer: 0.100
[1584185284.026][SEVERE]: Timed out receiving message from renderer: 0.100
[1584185284.128][SEVERE]: Timed out receiving message from renderer: 0.100
[1584185284.231][SEVERE]: Timed out receiving message from renderer: 0.100
[1584185284.332][SEVERE]: Timed out receiving message from renderer: 0.100
[1584185284.433][SEVERE]: Timed out receiving message from renderer: 0.100
[1584185284.535][SEVERE]: Timed out receiving message from renderer: 0.100
[1584185284.637][SEVERE]: Timed out receiving message from renderer: 0.100
[1584185284.739][SEVERE]: Timed out receiving message from renderer: 0.100
[1584185284.841][SEVERE]: Timed out receiving message from renderer: 0.100
[1584185284.943][SEVERE]: Timed out receiving message from renderer: 0.100
[1584185285.044][SEVERE]: Timed out receiving message from renderer: 0.100
[1584185285.145][SEVERE]: Timed out receiving message from renderer: 0.100
[1584185285.246][SEVERE]: Timed out receiving message from renderer: 0.100
[1584185285.348][SEVERE]: Timed out receiving message from renderer: 0.100
[1584185285.450][SEVERE]: Timed out receiving message from renderer: 0.100
[1584185285.551][SEVERE]: Timed out receiving message from renderer: 0.100
[1584185285.652][SEVERE]: Timed out receiving message from renderer: 0.100
[1584185285.753][SEVERE]: Timed out receiving message from renderer: 0.100
[1584185285.855][SEVERE]: Timed out receiving message from renderer: 0.100
[1584185285.958][SEVERE]: Timed out receiving message from renderer: 0.100
[1584185286.059][SEVERE]: Timed out receiving message from renderer: 0.100
[1584185286.161][SEVERE]: Timed out receiving message from renderer: 0.100
[1584185286.263][SEVERE]: Timed out receiving message from renderer: 0.100
[1584185286.364][SEVERE]: Timed out receiving message from renderer: 0.100
[1584185286.466][SEVERE]: Timed out receiving message from renderer: 0.100
[1584185286.568][SEVERE]: Timed out receiving message from renderer: 0.100
[1584185286.671][SEVERE]: Timed out receiving message from renderer: 0.100
[1584185286.772][SEVERE]: Timed out receiving message from renderer: 0.100
[1584185286.875][SEVERE]: Timed out receiving message from renderer: 0.100
[1584185286.976][SEVERE]: Timed out receiving message from renderer: 0.100
[1584185287.078][SEVERE]: Timed out receiving message from renderer: 0.100
[1584185287.180][SEVERE]: Timed out receiving message from renderer: 0.100
[1584185287.283][SEVERE]: Timed out receiving message from renderer: 0.100
[1584185287.385][SEVERE]: Timed out receiving message from renderer: 0.100
[1584185287.488][SEVERE]: Timed out receiving message from renderer: 0.100
[1584185287.591][SEVERE]: Timed out receiving message from renderer: 0.100
[1584185287.693][SEVERE]: Timed out receiving message from renderer: 0.100
[1584185287.796][SEVERE]: Timed out receiving message from renderer: 0.100
[1584185287.898][SEVERE]: Timed out receiving message from renderer: 0.100
[1584185288.000][SEVERE]: Timed out receiving message from renderer: 0.100
[1584185288.102][SEVERE]: Timed out receiving message from renderer: 0.100
[1584185288.204][SEVERE]: Timed out receiving message from renderer: 0.100
[1584185288.306][SEVERE]: Timed out receiving message from renderer: 0.100
[1584185288.408][SEVERE]: Timed out receiving message from renderer: 0.100
[1584185288.510][SEVERE]: Timed out receiving message from renderer: 0.100
[1584185288.613][SEVERE]: Timed out receiving message from renderer: 0.100
[1584185288.715][SEVERE]: Timed out receiving message from renderer: 0.100
[1584185288.816][SEVERE]: Timed out receiving message from renderer: 0.100
[1584185288.919][SEVERE]: Timed out receiving message from renderer: 0.100
[1584185289.021][SEVERE]: Timed out receiving message from renderer: 0.100
[1584185289.124][SEVERE]: Timed out receiving message from renderer: 0.100
[1584185289.225][SEVERE]: Timed out receiving message from renderer: 0.100
[1584185289.327][SEVERE]: Timed out receiving message from renderer: 0.100
[1584185289.428][SEVERE]: Timed out receiving message from renderer: 0.100
[1584185289.530][SEVERE]: Timed out receiving message from renderer: 0.100
[1584185289.631][SEVERE]: Timed out receiving message from renderer: 0.100
[1584185289.733][SEVERE]: Timed out receiving message from renderer: 0.100
[1584185289.835][SEVERE]: Timed out receiving message from renderer: 0.100
[1584185289.937][SEVERE]: Timed out receiving message from renderer: 0.100
[1584185290.039][SEVERE]: Timed out receiving message from renderer: 0.100
[1584185290.141][SEVERE]: Timed out receiving message from renderer: 0.100
[1584185290.243][SEVERE]: Timed out receiving message from renderer: 0.100
[1584185290.345][SEVERE]: Timed out receiving message from renderer: 0.100
[1584185290.446][SEVERE]: Timed out receiving message from renderer: 0.100
[1584185290.549][SEVERE]: Timed out receiving message from renderer: 0.100
[1584185290.651][SEVERE]: Timed out receiving message from renderer: 0.100
[1584185290.752][SEVERE]: Timed out receiving message from renderer: 0.100
[1584185290.854][SEVERE]: Timed out receiving message from renderer: 0.100
[1584185290.957][SEVERE]: Timed out receiving message from renderer: 0.100
[1584185291.059][SEVERE]: Timed out receiving message from renderer: 0.100
[1584185291.159][SEVERE]: Timed out receiving message from renderer: 0.100
[1584185291.261][SEVERE]: Timed out receiving message from renderer: 0.100
[1584185291.363][SEVERE]: Timed out receiving message from renderer: 0.100
[1584185291.464][SEVERE]: Timed out receiving message from renderer: 0.100
[1584185291.566][SEVERE]: Timed out receiving message from renderer: 0.100
[1584185291.772][SEVERE]: Timed out receiving message from renderer: 0.100
[1584185291.873][SEVERE]: Timed out receiving message from renderer: 0.100
[1584185291.974][SEVERE]: Timed out receiving message from renderer: 0.100
[1584185292.075][SEVERE]: Timed out receiving message from renderer: 0.100
[1584185292.177][SEVERE]: Timed out receiving message from renderer: 0.100
[1584185292.278][SEVERE]: Timed out receiving message from renderer: 0.100
[1584185292.379][SEVERE]: Timed out receiving message from renderer: 0.100
[1584185292.481][SEVERE]: Timed out receiving message from renderer: 0.100
[1584185292.582][SEVERE]: Timed out receiving message from renderer: 0.100
[1584185292.684][SEVERE]: Timed out receiving message from renderer: 0.100
[1584185292.786][SEVERE]: Timed out receiving message from renderer: 0.100
[1584185292.888][SEVERE]: Timed out receiving message from renderer: 0.100
[1584185292.989][SEVERE]: Timed out receiving message from renderer: 0.100
[1584185293.091][SEVERE]: Timed out receiving message from renderer: 0.100
[1584185293.192][SEVERE]: Timed out receiving message from renderer: 0.100
[1584185293.294][SEVERE]: Timed out receiving message from renderer: 0.100
[1584185293.396][SEVERE]: Timed out receiving message from renderer: 0.100
[1584185293.497][SEVERE]: Timed out receiving message from renderer: 0.100
[1584185293.599][SEVERE]: Timed out receiving message from renderer: 0.100
[1584185293.700][SEVERE]: Timed out receiving message from renderer: 0.100
[1584185293.802][SEVERE]: Timed out receiving message from renderer: 0.100
[1584185293.903][SEVERE]: Timed out receiving message from renderer: 0.100
[1584185294.006][SEVERE]: Timed out receiving message from renderer: 0.100
[1584185294.107][SEVERE]: Timed out receiving message from renderer: 0.100
[1584185294.209][SEVERE]: Timed out receiving message from renderer: 0.100
[1584185294.311][SEVERE]: Timed out receiving message from renderer: 0.100
[1584185294.412][SEVERE]: Timed out receiving message from renderer: 0.100
[1584185294.513][SEVERE]: Timed out receiving message from renderer: 0.100
[1584185294.615][SEVERE]: Timed out receiving message from renderer: 0.100
[1584185294.716][SEVERE]: Timed out receiving message from renderer: 0.100
[1584185294.818][SEVERE]: Timed out receiving message from renderer: 0.100
[1584185294.920][SEVERE]: Timed out receiving message from renderer: 0.100
[1584185295.022][SEVERE]: Timed out receiving message from renderer: 0.100
[1584185295.124][SEVERE]: Timed out receiving message from renderer: 0.100
[1584185295.226][SEVERE]: Timed out receiving message from renderer: 0.100
[1584185295.328][SEVERE]: Timed out receiving message from renderer: 0.100
[1584185295.429][SEVERE]: Timed out receiving message from renderer: 0.100
[1584185295.530][SEVERE]: Timed out receiving message from renderer: 0.100
[1584185295.632][SEVERE]: Timed out receiving message from renderer: 0.100
[1584185295.734][SEVERE]: Timed out receiving message from renderer: 0.100
[1584185295.836][SEVERE]: Timed out receiving message from renderer: 0.100
[1584185295.938][SEVERE]: Timed out receiving message from renderer: 0.100
[1584185296.040][SEVERE]: Timed out receiving message from renderer: 0.100
[1584185296.142][SEVERE]: Timed out receiving message from renderer: 0.100
[1584185296.244][SEVERE]: Timed out receiving message from renderer: 0.100
[1584185296.345][SEVERE]: Timed out receiving message from renderer: 0.100
[1584185296.446][SEVERE]: Timed out receiving message from renderer: 0.100
[1584185296.548][SEVERE]: Timed out receiving message from renderer: 0.100
[1584185296.650][SEVERE]: Timed out receiving message from renderer: 0.100
[1584185296.752][SEVERE]: Timed out receiving message from renderer: 0.100
[1584185296.855][SEVERE]: Timed out receiving message from renderer: 0.100
[1584185296.957][SEVERE]: Timed out receiving message from renderer: 0.100
[1584185297.060][SEVERE]: Timed out receiving message from renderer: 0.100
[1584185297.162][SEVERE]: Timed out receiving message from renderer: 0.100
[1584185297.265][SEVERE]: Timed out receiving message from renderer: 0.100
[1584185297.367][SEVERE]: Timed out receiving message from renderer: 0.100
[1584185297.469][SEVERE]: Timed out receiving message from renderer: 0.100
[1584185297.571][SEVERE]: Timed out receiving message from renderer: 0.100
[1584185297.673][SEVERE]: Timed out receiving message from renderer: 0.100
[1584185297.775][SEVERE]: Timed out receiving message from renderer: 0.100
[1584185297.877][SEVERE]: Timed out receiving message from renderer: 0.100
[1584185297.979][SEVERE]: Timed out receiving message from renderer: 0.100
[1584185298.080][SEVERE]: Timed out receiving message from renderer: 0.100
[1584185298.182][SEVERE]: Timed out receiving message from renderer: 0.100
[1584185298.285][SEVERE]: Timed out receiving message from renderer: 0.100
[1584185298.386][SEVERE]: Timed out receiving message from renderer: 0.100
[1584185298.488][SEVERE]: Timed out receiving message from renderer: 0.100
[1584185298.591][SEVERE]: Timed out receiving message from renderer: 0.100
[1584185298.693][SEVERE]: Timed out receiving message from renderer: 0.100
[1584185298.794][SEVERE]: Timed out receiving message from renderer: 0.100
[1584185298.896][SEVERE]: Timed out receiving message from renderer: 0.100
[1584185298.997][SEVERE]: Timed out receiving message from renderer: 0.100
[1584185299.099][SEVERE]: Timed out receiving message from renderer: 0.100
[1584185299.202][SEVERE]: Timed out receiving message from renderer: 0.100
[1584185299.304][SEVERE]: Timed out receiving message from renderer: 0.100
[1584185299.406][SEVERE]: Timed out receiving message from renderer: 0.100
[1584185299.509][SEVERE]: Timed out receiving message from renderer: 0.100
[1584185299.611][SEVERE]: Timed out receiving message from renderer: 0.100
[1584185299.714][SEVERE]: Timed out receiving message from renderer: 0.100
[1584185299.816][SEVERE]: Timed out receiving message from renderer: 0.100
[1584185299.918][SEVERE]: Timed out receiving message from renderer: 0.100
[1584185300.021][SEVERE]: Timed out receiving message from renderer: 0.100
[1584185300.124][SEVERE]: Timed out receiving message from renderer: 0.100
[1584185300.225][SEVERE]: Timed out receiving message from renderer: 0.100
[1584185300.327][SEVERE]: Timed out receiving message from renderer: 0.100
[1584185300.430][SEVERE]: Timed out receiving message from renderer: 0.100
[1584185300.532][SEVERE]: Timed out receiving message from renderer: 0.100
[1584185300.634][SEVERE]: Timed out receiving message from renderer: 0.100
[1584185300.737][SEVERE]: Timed out receiving message from renderer: 0.100
[1584185300.839][SEVERE]: Timed out receiving message from renderer: 0.100
[1584185300.942][SEVERE]: Timed out receiving message from renderer: 0.100
[1584185301.044][SEVERE]: Timed out receiving message from renderer: 0.100
[1584185301.146][SEVERE]: Timed out receiving message from renderer: 0.100
[1584185301.248][SEVERE]: Timed out receiving message from renderer: 0.100
[1584185301.351][SEVERE]: Timed out receiving message from renderer: 0.100
[1584185301.453][SEVERE]: Timed out receiving message from renderer: 0.100
[1584185301.554][SEVERE]: Timed out receiving message from renderer: 0.100
[1584185301.657][SEVERE]: Timed out receiving message from renderer: 0.100
[1584185301.759][SEVERE]: Timed out receiving message from renderer: 0.100
[1584185301.862][SEVERE]: Timed out receiving message from renderer: 0.100
[1584185301.964][SEVERE]: Timed out receiving message from renderer: 0.100
[1584185302.067][SEVERE]: Timed out receiving message from renderer: 0.100
[1584185302.168][SEVERE]: Timed out receiving message from renderer: 0.100
[1584185302.270][SEVERE]: Timed out receiving message from renderer: 0.100
[1584185302.373][SEVERE]: Timed out receiving message from renderer: 0.100
[1584185302.475][SEVERE]: Timed out receiving message from renderer: 0.100
[1584185302.577][SEVERE]: Timed out receiving message from renderer: 0.100
[1584185302.679][SEVERE]: Timed out receiving message from renderer: 0.100
[1584185302.781][SEVERE]: Timed out receiving message from renderer: 0.100
[1584185302.884][SEVERE]: Timed out receiving message from renderer: 0.100
[1584185302.986][SEVERE]: Timed out receiving message from renderer: 0.100
[1584185303.089][SEVERE]: Timed out receiving message from renderer: 0.100
[1584185303.191][SEVERE]: Timed out receiving message from renderer: 0.100
[1584185303.293][SEVERE]: Timed out receiving message from renderer: 0.100
[1584185303.395][SEVERE]: Timed out receiving message from renderer: 0.100
[1584185303.496][SEVERE]: Timed out receiving message from renderer: 0.100
[1584185303.598][SEVERE]: Timed out receiving message from renderer: 0.100
[1584185303.700][SEVERE]: Timed out receiving message from renderer: 0.100
[1584185303.803][SEVERE]: Timed out receiving message from renderer: 0.100
[1584185303.905][SEVERE]: Timed out receiving message from renderer: 0.100
[1584185304.008][SEVERE]: Timed out receiving message from renderer: 0.100
[1584185304.110][SEVERE]: Timed out receiving message from renderer: 0.100
[1584185304.212][SEVERE]: Timed out receiving message from renderer: 0.100
[1584185304.315][SEVERE]: Timed out receiving message from renderer: 0.100
[1584185304.417][SEVERE]: Timed out receiving message from renderer: 0.100
[1584185304.519][SEVERE]: Timed out receiving message from renderer: 0.100
[1584185304.621][SEVERE]: Timed out receiving message from renderer: 0.100
[1584185304.723][SEVERE]: Timed out receiving message from renderer: 0.100
[1584185304.825][SEVERE]: Timed out receiving message from renderer: 0.100
[1584185304.928][SEVERE]: Timed out receiving message from renderer: 0.100
[1584185305.030][SEVERE]: Timed out receiving message from renderer: 0.100
[1584185305.133][SEVERE]: Timed out receiving message from renderer: 0.100
[1584185305.235][SEVERE]: Timed out receiving message from renderer: 0.100
[1584185305.337][SEVERE]: Timed out receiving message from renderer: 0.100
[1584185305.440][SEVERE]: Timed out receiving message from renderer: 0.100
[1584185305.542][SEVERE]: Timed out receiving message from renderer: 0.100
[1584185305.645][SEVERE]: Timed out receiving message from renderer: 0.100
[1584185305.746][SEVERE]: Timed out receiving message from renderer: 0.100
[1584185305.848][SEVERE]: Timed out receiving message from renderer: 0.100
[1584185305.949][SEVERE]: Timed out receiving message from renderer: 0.100
[1584185306.052][SEVERE]: Timed out receiving message from renderer: 0.100
[1584185306.155][SEVERE]: Timed out receiving message from renderer: 0.100
[1584185306.257][SEVERE]: Timed out receiving message from renderer: 0.100
[1584185306.359][SEVERE]: Timed out receiving message from renderer: 0.100
[1584185306.461][SEVERE]: Timed out receiving message from renderer: 0.100
[1584185306.563][SEVERE]: Timed out receiving message from renderer: 0.100
[1584185306.665][SEVERE]: Timed out receiving message from renderer: 0.100
[1584185306.768][SEVERE]: Timed out receiving message from renderer: 0.100
[1584185306.870][SEVERE]: Timed out receiving message from renderer: 0.100
[1584185307.069][SEVERE]: Timed out receiving message from renderer: 0.100
[1584185307.172][SEVERE]: Timed out receiving message from renderer: 0.100
[1584185307.274][SEVERE]: Timed out receiving message from renderer: 0.100
[1584185307.377][SEVERE]: Timed out receiving message from renderer: 0.100
[1584185307.479][SEVERE]: Timed out receiving message from renderer: 0.100
[1584185307.581][SEVERE]: Timed out receiving message from renderer: 0.100
[1584185307.684][SEVERE]: Timed out receiving message from renderer: 0.100
[1584185307.786][SEVERE]: Timed out receiving message from renderer: 0.100
[1584185307.889][SEVERE]: Timed out receiving message from renderer: 0.100
[1584185307.991][SEVERE]: Timed out receiving message from renderer: 0.100
[1584185308.093][SEVERE]: Timed out receiving message from renderer: 0.100
[1584185308.195][SEVERE]: Timed out receiving message from renderer: 0.100
[1584185308.296][SEVERE]: Timed out receiving message from renderer: 0.100
[1584185308.398][SEVERE]: Timed out receiving message from renderer: 0.100
[1584185308.501][SEVERE]: Timed out receiving message from renderer: 0.100
[1584185308.604][SEVERE]: Timed out receiving message from renderer: 0.100
[1584185308.706][SEVERE]: Timed out receiving message from renderer: 0.100
[1584185308.807][SEVERE]: Timed out receiving message from renderer: 0.100
[1584185308.910][SEVERE]: Timed out receiving message from renderer: 0.100
[1584185309.012][SEVERE]: Timed out receiving message from renderer: 0.100
[1584185309.115][SEVERE]: Timed out receiving message from renderer: 0.100
[1584185309.217][SEVERE]: Timed out receiving message from renderer: 0.100
[1584185309.319][SEVERE]: Timed out receiving message from renderer: 0.100
[1584185310.194][SEVERE]: Timed out receiving message from renderer: 0.100
[1584185310.296][SEVERE]: Timed out receiving message from renderer: 0.100
[1584185310.397][SEVERE]: Timed out receiving message from renderer: 0.100
[1584185310.498][SEVERE]: Timed out receiving message from renderer: 0.100
[1584185310.600][SEVERE]: Timed out receiving message from renderer: 0.100
[1584185310.811][SEVERE]: Timed out receiving message from renderer: 0.100
[1584185310.912][SEVERE]: Timed out receiving message from renderer: 0.100
[1584185311.014][SEVERE]: Timed out receiving message from renderer: 0.100
[1584185311.229][SEVERE]: Timed out receiving message from renderer: 0.100
[1584185311.331][SEVERE]: Timed out receiving message from renderer: 0.100
[1584185311.433][SEVERE]: Timed out receiving message from renderer: 0.100
Starting ChromeDriver 80.0.3987.106 (f68069574609230cf9b635cd784cfb1bf81bb53a-refs/branch-heads/3987@{#882}) on port 47199
Only local connections are allowed.
Please protect ports used by ChromeDriver and related test frameworks to prevent access by malicious code.
Mar 14, 2020 4:58:32 PM org.openqa.selenium.remote.ProtocolHandshake createSession
INFO: Detected dialect: W3C
[1584185313.295][SEVERE]: Timed out receiving message from renderer: 0.100
[1584185313.397][SEVERE]: Timed out receiving message from renderer: 0.100
[1584185313.500][SEVERE]: Timed out receiving message from renderer: 0.100
[1584185313.603][SEVERE]: Timed out receiving message from renderer: 0.100
[1584185313.704][SEVERE]: Timed out receiving message from renderer: 0.100
[1584185313.806][SEVERE]: Timed out receiving message from renderer: 0.100
[1584185313.907][SEVERE]: Timed out receiving message from renderer: 0.100
[1584185314.010][SEVERE]: Timed out receiving message from renderer: 0.100
[1584185314.112][SEVERE]: Timed out receiving message from renderer: 0.100
[1584185314.214][SEVERE]: Timed out receiving message from renderer: 0.100
[1584185314.315][SEVERE]: Timed out receiving message from renderer: 0.100
[1584185314.416][SEVERE]: Timed out receiving message from renderer: 0.100
[1584185314.517][SEVERE]: Timed out receiving message from renderer: 0.100
[1584185314.619][SEVERE]: Timed out receiving message from renderer: 0.100
[1584185314.720][SEVERE]: Timed out receiving message from renderer: 0.100
[1584185314.822][SEVERE]: Timed out receiving message from renderer: 0.100
[1584185314.925][SEVERE]: Timed out receiving message from renderer: 0.100
[1584185315.026][SEVERE]: Timed out receiving message from renderer: 0.100
[1584185315.129][SEVERE]: Timed out receiving message from renderer: 0.100
[1584185315.428][SEVERE]: Timed out receiving message from renderer: 0.100
[1584185315.556][SEVERE]: Timed out receiving message from renderer: 0.100
[1584185315.658][SEVERE]: Timed out receiving message from renderer: 0.100
[1584185315.768][SEVERE]: Timed out receiving message from renderer: 0.100
[1584185315.871][SEVERE]: Timed out receiving message from renderer: 0.100
[1584185315.973][SEVERE]: Timed out receiving message from renderer: 0.100
[1584185316.076][SEVERE]: Timed out receiving message from renderer: 0.100
[1584185316.178][SEVERE]: Timed out receiving message from renderer: 0.100
[1584185316.279][SEVERE]: Timed out receiving message from renderer: 0.100
[1584185316.381][SEVERE]: Timed out receiving message from renderer: 0.100
[1584185316.483][SEVERE]: Timed out receiving message from renderer: 0.100
[1584185316.585][SEVERE]: Timed out receiving message from renderer: 0.100
[1584185316.688][SEVERE]: Timed out receiving message from renderer: 0.100
[1584185316.789][SEVERE]: Timed out receiving message from renderer: 0.100
[1584185316.891][SEVERE]: Timed out receiving message from renderer: 0.100
[1584185316.993][SEVERE]: Timed out receiving message from renderer: 0.100
[1584185317.095][SEVERE]: Timed out receiving message from renderer: 0.100
[1584185317.196][SEVERE]: Timed out receiving message from renderer: 0.100
[1584185317.297][SEVERE]: Timed out receiving message from renderer: 0.100
[1584185317.399][SEVERE]: Timed out receiving message from renderer: 0.100
[1584185317.502][SEVERE]: Timed out receiving message from renderer: 0.100
[1584185317.604][SEVERE]: Timed out receiving message from renderer: 0.100
[1584185317.706][SEVERE]: Timed out receiving message from renderer: 0.100
[1584185317.807][SEVERE]: Timed out receiving message from renderer: 0.100
[1584185317.910][SEVERE]: Timed out receiving message from renderer: 0.100
[1584185318.013][SEVERE]: Timed out receiving message from renderer: 0.100
[1584185318.116][SEVERE]: Timed out receiving message from renderer: 0.100
[1584185318.217][SEVERE]: Timed out receiving message from renderer: 0.100
[1584185318.332][SEVERE]: Timed out receiving message from renderer: 0.100
[1584185318.435][SEVERE]: Timed out receiving message from renderer: 0.100
[1584185318.538][SEVERE]: Timed out receiving message from renderer: 0.100
[1584185318.639][SEVERE]: Timed out receiving message from renderer: 0.100
[1584185318.772][SEVERE]: Timed out receiving message from renderer: 0.100
[1584185320.684][SEVERE]: Timed out receiving message from renderer: 0.100
[1584185320.796][SEVERE]: Timed out receiving message from renderer: 0.100
[1584185320.898][SEVERE]: Timed out receiving message from renderer: 0.100
[1584185320.999][SEVERE]: Timed out receiving message from renderer: 0.100
[1584185321.102][SEVERE]: Timed out receiving message from renderer: 0.100
[1584185321.204][SEVERE]: Timed out receiving message from renderer: 0.100
[1584185321.306][SEVERE]: Timed out receiving message from renderer: 0.100
[1584185321.408][SEVERE]: Timed out receiving message from renderer: 0.100
[1584185321.510][SEVERE]: Timed out receiving message from renderer: 0.100
[1584185321.612][SEVERE]: Timed out receiving message from renderer: 0.100
[1584185321.713][SEVERE]: Timed out receiving message from renderer: 0.100
[1584185321.899][SEVERE]: Timed out receiving message from renderer: 0.100
[1584185322.001][SEVERE]: Timed out receiving message from renderer: 0.100
[1584185322.104][SEVERE]: Timed out receiving message from renderer: 0.100
[1584185322.206][SEVERE]: Timed out receiving message from renderer: 0.100
[1584185322.308][SEVERE]: Timed out receiving message from renderer: 0.100
[1584185322.410][SEVERE]: Timed out receiving message from renderer: 0.100
[1584185322.553][SEVERE]: Timed out receiving message from renderer: 0.100
[1584185322.655][SEVERE]: Timed out receiving message from renderer: 0.100
[1584185322.758][SEVERE]: Timed out receiving message from renderer: 0.100
[1584185322.860][SEVERE]: Timed out receiving message from renderer: 0.100
[1584185323.601][SEVERE]: Timed out receiving message from renderer: 0.100
[1584185323.703][SEVERE]: Timed out receiving message from renderer: 0.100
[1584185323.829][SEVERE]: Timed out receiving message from renderer: 0.100
[1584185323.931][SEVERE]: Timed out receiving message from renderer: 0.100
[1584185324.032][SEVERE]: Timed out receiving message from renderer: 0.100
[1584185324.288][SEVERE]: Timed out receiving message from renderer: 0.100
[1584185324.390][SEVERE]: Timed out receiving message from renderer: 0.100
[1584185324.492][SEVERE]: Timed out receiving message from renderer: 0.100
[1584185324.622][SEVERE]: Timed out receiving message from renderer: 0.100
[1584185324.723][SEVERE]: Timed out receiving message from renderer: 0.100
[1584185324.825][SEVERE]: Timed out receiving message from renderer: 0.100
[1584185326.741][SEVERE]: Timed out receiving message from renderer: 0.100
[1584185326.843][SEVERE]: Timed out receiving message from renderer: 0.100
[1584185326.945][SEVERE]: Timed out receiving message from renderer: 0.100
[1584185327.047][SEVERE]: Timed out receiving message from renderer: 0.100
[1584185327.150][SEVERE]: Timed out receiving message from renderer: 0.100
[1584185327.252][SEVERE]: Timed out receiving message from renderer: 0.100
[1584185327.447][SEVERE]: Timed out receiving message from renderer: 0.100
[1584185327.549][SEVERE]: Timed out receiving message from renderer: 0.100
[1584185327.651][SEVERE]: Timed out receiving message from renderer: 0.100
[1584185327.753][SEVERE]: Timed out receiving message from renderer: 0.100
[1584185327.855][SEVERE]: Timed out receiving message from renderer: 0.100
[1584185329.616][SEVERE]: Timed out receiving message from renderer: 0.100
[1584185329.719][SEVERE]: Timed out receiving message from renderer: 0.100
[1584185329.821][SEVERE]: Timed out receiving message from renderer: 0.100
[1584185329.923][SEVERE]: Timed out receiving message from renderer: 0.100
[1584185330.025][SEVERE]: Timed out receiving message from renderer: 0.100
[1584185330.127][SEVERE]: Timed out receiving message from renderer: 0.100
[1584185330.306][SEVERE]: Timed out receiving message from renderer: 0.100
[1584185330.409][SEVERE]: Timed out receiving message from renderer: 0.100
[1584185330.511][SEVERE]: Timed out receiving message from renderer: 0.100
[1584185330.613][SEVERE]: Timed out receiving message from renderer: 0.100
[1584185337.603][SEVERE]: Timed out receiving message from renderer: 0.100
[1584185337.706][SEVERE]: Timed out receiving message from renderer: 0.100
[1584185337.808][SEVERE]: Timed out receiving message from renderer: 0.100
]]></system-err>
</testsuite>
