<?xml version="1.0" encoding="UTF-8"?>
<testsuite name="com.broadleafcommerce.script.LoginTest" tests="3" skipped="0" failures="0" errors="0" timestamp="2020-03-13T05:57:01" hostname="Deepalis-MacBook-Pro.local" time="15.317">
  <properties/>
  <testcase name="broadleafLogoImageTest" classname="com.broadleafcommerce.script.LoginTest" time="0.042"/>
  <testcase name="loginTest" classname="com.broadleafcommerce.script.LoginTest" time="1.878"/>
  <testcase name="testLoginPageTitle" classname="com.broadleafcommerce.script.LoginTest" time="2.011"/>
  <system-out><![CDATA[]]></system-out>
  <system-err><![CDATA[SLF4J: Failed to load class "org.slf4j.impl.StaticLoggerBinder".
SLF4J: Defaulting to no-operation (NOP) logger implementation
SLF4J: See http://www.slf4j.org/codes.html#StaticLoggerBinder for further details.
Starting ChromeDriver 80.0.3987.106 (f68069574609230cf9b635cd784cfb1bf81bb53a-refs/branch-heads/3987@{#882}) on port 3444
Only local connections are allowed.
Please protect ports used by ChromeDriver and related test frameworks to prevent access by malicious code.
Mar 13, 2020 11:26:57 AM org.openqa.selenium.remote.ProtocolHandshake createSession
INFO: Detected dialect: W3C
[1584079017.803][SEVERE]: Timed out receiving message from renderer: 0.100
[1584079017.904][SEVERE]: Timed out receiving message from renderer: 0.100
[1584079018.005][SEVERE]: Timed out receiving message from renderer: 0.100
[1584079018.107][SEVERE]: Timed out receiving message from renderer: 0.100
[1584079018.208][SEVERE]: Timed out receiving message from renderer: 0.100
[1584079018.310][SEVERE]: Timed out receiving message from renderer: 0.100
[1584079018.411][SEVERE]: Timed out receiving message from renderer: 0.100
[1584079018.513][SEVERE]: Timed out receiving message from renderer: 0.100
[1584079018.614][SEVERE]: Timed out receiving message from renderer: 0.100
[1584079018.715][SEVERE]: Timed out receiving message from renderer: 0.100
[1584079019.056][SEVERE]: Timed out receiving message from renderer: 0.100
[1584079019.161][SEVERE]: Timed out receiving message from renderer: 0.100
[1584079019.263][SEVERE]: Timed out receiving message from renderer: 0.100
[1584079019.365][SEVERE]: Timed out receiving message from renderer: 0.100
[1584079019.467][SEVERE]: Timed out receiving message from renderer: 0.100
[1584079019.569][SEVERE]: Timed out receiving message from renderer: 0.100
[1584079019.670][SEVERE]: Timed out receiving message from renderer: 0.100
[1584079019.772][SEVERE]: Timed out receiving message from renderer: 0.100
[1584079019.875][SEVERE]: Timed out receiving message from renderer: 0.100
[1584079019.977][SEVERE]: Timed out receiving message from renderer: 0.100
[1584079020.079][SEVERE]: Timed out receiving message from renderer: 0.100
[1584079020.182][SEVERE]: Timed out receiving message from renderer: 0.100
[1584079020.285][SEVERE]: Timed out receiving message from renderer: 0.100
[1584079020.386][SEVERE]: Timed out receiving message from renderer: 0.100
[1584079020.489][SEVERE]: Timed out receiving message from renderer: 0.100
[1584079020.591][SEVERE]: Timed out receiving message from renderer: 0.100
[1584079020.791][SEVERE]: Timed out receiving message from renderer: 0.100
[1584079020.893][SEVERE]: Timed out receiving message from renderer: 0.100
[1584079021.076][SEVERE]: Timed out receiving message from renderer: 0.100
[1584079021.178][SEVERE]: Timed out receiving message from renderer: 0.100
[1584079021.281][SEVERE]: Timed out receiving message from renderer: 0.100
[1584079021.384][SEVERE]: Timed out receiving message from renderer: 0.100
[1584079021.486][SEVERE]: Timed out receiving message from renderer: 0.100
[1584079021.588][SEVERE]: Timed out receiving message from renderer: 0.100
Starting ChromeDriver 80.0.3987.106 (f68069574609230cf9b635cd784cfb1bf81bb53a-refs/branch-heads/3987@{#882}) on port 11799
Only local connections are allowed.
Please protect ports used by ChromeDriver and related test frameworks to prevent access by malicious code.
Mar 13, 2020 11:27:02 AM org.openqa.selenium.remote.ProtocolHandshake createSession
INFO: Detected dialect: W3C
[1584079023.557][SEVERE]: Timed out receiving message from renderer: 0.100
[1584079023.660][SEVERE]: Timed out receiving message from renderer: 0.100
[1584079023.761][SEVERE]: Timed out receiving message from renderer: 0.100
[1584079023.862][SEVERE]: Timed out receiving message from renderer: 0.100
[1584079023.964][SEVERE]: Timed out receiving message from renderer: 0.100
[1584079024.065][SEVERE]: Timed out receiving message from renderer: 0.100
[1584079024.167][SEVERE]: Timed out receiving message from renderer: 0.100
[1584079024.269][SEVERE]: Timed out receiving message from renderer: 0.100
[1584079024.371][SEVERE]: Timed out receiving message from renderer: 0.100
[1584079024.473][SEVERE]: Timed out receiving message from renderer: 0.100
[1584079024.574][SEVERE]: Timed out receiving message from renderer: 0.100
[1584079024.913][SEVERE]: Timed out receiving message from renderer: 0.100
[1584079025.083][SEVERE]: Timed out receiving message from renderer: 0.100
[1584079025.186][SEVERE]: Timed out receiving message from renderer: 0.100
[1584079025.288][SEVERE]: Timed out receiving message from renderer: 0.100
[1584079025.397][SEVERE]: Timed out receiving message from renderer: 0.100
[1584079025.499][SEVERE]: Timed out receiving message from renderer: 0.100
[1584079025.601][SEVERE]: Timed out receiving message from renderer: 0.100
[1584079025.703][SEVERE]: Timed out receiving message from renderer: 0.100
[1584079025.805][SEVERE]: Timed out receiving message from renderer: 0.100
[1584079025.906][SEVERE]: Timed out receiving message from renderer: 0.100
[1584079026.008][SEVERE]: Timed out receiving message from renderer: 0.100
[1584079026.111][SEVERE]: Timed out receiving message from renderer: 0.100
[1584079026.214][SEVERE]: Timed out receiving message from renderer: 0.100
[1584079026.316][SEVERE]: Timed out receiving message from renderer: 0.100
[1584079026.418][SEVERE]: Timed out receiving message from renderer: 0.100
[1584079026.520][SEVERE]: Timed out receiving message from renderer: 0.100
[1584079026.667][SEVERE]: Timed out receiving message from renderer: 0.100
[1584079026.768][SEVERE]: Timed out receiving message from renderer: 0.100
[1584079026.954][SEVERE]: Timed out receiving message from renderer: 0.100
[1584079027.057][SEVERE]: Timed out receiving message from renderer: 0.100
[1584079027.158][SEVERE]: Timed out receiving message from renderer: 0.100
[1584079027.260][SEVERE]: Timed out receiving message from renderer: 0.100
[1584079027.362][SEVERE]: Timed out receiving message from renderer: 0.100
[1584079027.463][SEVERE]: Timed out receiving message from renderer: 0.100
[1584079028.872][SEVERE]: Timed out receiving message from renderer: 0.100
[1584079028.973][SEVERE]: Timed out receiving message from renderer: 0.100
[1584079029.124][SEVERE]: Timed out receiving message from renderer: 0.100
[1584079029.257][SEVERE]: Timed out receiving message from renderer: 0.100
[1584079029.359][SEVERE]: Timed out receiving message from renderer: 0.100
Starting ChromeDriver 80.0.3987.106 (f68069574609230cf9b635cd784cfb1bf81bb53a-refs/branch-heads/3987@{#882}) on port 39194
Only local connections are allowed.
Please protect ports used by ChromeDriver and related test frameworks to prevent access by malicious code.
Mar 13, 2020 11:27:10 AM org.openqa.selenium.remote.ProtocolHandshake createSession
INFO: Detected dialect: W3C
[1584079031.159][SEVERE]: Timed out receiving message from renderer: 0.100
[1584079031.260][SEVERE]: Timed out receiving message from renderer: 0.100
[1584079031.363][SEVERE]: Timed out receiving message from renderer: 0.100
[1584079031.465][SEVERE]: Timed out receiving message from renderer: 0.100
[1584079031.567][SEVERE]: Timed out receiving message from renderer: 0.100
[1584079031.669][SEVERE]: Timed out receiving message from renderer: 0.100
[1584079031.771][SEVERE]: Timed out receiving message from renderer: 0.100
[1584079031.874][SEVERE]: Timed out receiving message from renderer: 0.100
[1584079031.975][SEVERE]: Timed out receiving message from renderer: 0.100
[1584079032.076][SEVERE]: Timed out receiving message from renderer: 0.100
[1584079032.308][SEVERE]: Timed out receiving message from renderer: 0.100
[1584079032.508][SEVERE]: Timed out receiving message from renderer: 0.100
[1584079032.609][SEVERE]: Timed out receiving message from renderer: 0.100
[1584079032.711][SEVERE]: Timed out receiving message from renderer: 0.100
[1584079032.813][SEVERE]: Timed out receiving message from renderer: 0.100
[1584079032.915][SEVERE]: Timed out receiving message from renderer: 0.100
[1584079033.016][SEVERE]: Timed out receiving message from renderer: 0.100
[1584079033.118][SEVERE]: Timed out receiving message from renderer: 0.100
[1584079033.220][SEVERE]: Timed out receiving message from renderer: 0.100
[1584079033.323][SEVERE]: Timed out receiving message from renderer: 0.100
[1584079033.425][SEVERE]: Timed out receiving message from renderer: 0.100
[1584079033.527][SEVERE]: Timed out receiving message from renderer: 0.100
[1584079033.630][SEVERE]: Timed out receiving message from renderer: 0.100
[1584079033.731][SEVERE]: Timed out receiving message from renderer: 0.100
[1584079033.834][SEVERE]: Timed out receiving message from renderer: 0.100
[1584079034.001][SEVERE]: Timed out receiving message from renderer: 0.100
[1584079034.102][SEVERE]: Timed out receiving message from renderer: 0.100
[1584079034.299][SEVERE]: Timed out receiving message from renderer: 0.100
[1584079034.401][SEVERE]: Timed out receiving message from renderer: 0.100
[1584079034.503][SEVERE]: Timed out receiving message from renderer: 0.100
[1584079034.605][SEVERE]: Timed out receiving message from renderer: 0.100
[1584079034.706][SEVERE]: Timed out receiving message from renderer: 0.100
[1584079034.808][SEVERE]: Timed out receiving message from renderer: 0.100
[1584079034.910][SEVERE]: Timed out receiving message from renderer: 0.100
]]></system-err>
</testsuite>
