<?xml version="1.0" encoding="UTF-8"?>
<testsuite name="com.broadleafcommerce.script.MarchandiseRemoveFromCartPageTest" tests="1" skipped="0" failures="0" errors="0" timestamp="2020-03-16T07:47:46" hostname="Deepalis-MacBook-Pro.local" time="24.648">
  <properties/>
  <testcase name="verifyMerchandiseTest" classname="com.broadleafcommerce.script.MarchandiseRemoveFromCartPageTest" time="24.648"/>
  <system-out><![CDATA[]]></system-out>
  <system-err><![CDATA[SLF4J: Failed to load class "org.slf4j.impl.StaticLoggerBinder".
SLF4J: Defaulting to no-operation (NOP) logger implementation
SLF4J: See http://www.slf4j.org/codes.html#StaticLoggerBinder for further details.
Starting ChromeDriver 80.0.3987.106 (f68069574609230cf9b635cd784cfb1bf81bb53a-refs/branch-heads/3987@{#882}) on port 16856
Only local connections are allowed.
Please protect ports used by ChromeDriver and related test frameworks to prevent access by malicious code.
Mar 16, 2020 1:17:34 PM org.openqa.selenium.remote.ProtocolHandshake createSession
INFO: Detected dialect: W3C
[1584344855.555][SEVERE]: Timed out receiving message from renderer: 0.100
[1584344855.657][SEVERE]: Timed out receiving message from renderer: 0.100
[1584344855.760][SEVERE]: Timed out receiving message from renderer: 0.100
[1584344855.862][SEVERE]: Timed out receiving message from renderer: 0.100
[1584344855.964][SEVERE]: Timed out receiving message from renderer: 0.100
[1584344856.066][SEVERE]: Timed out receiving message from renderer: 0.100
[1584344856.168][SEVERE]: Timed out receiving message from renderer: 0.100
[1584344856.270][SEVERE]: Timed out receiving message from renderer: 0.100
[1584344856.371][SEVERE]: Timed out receiving message from renderer: 0.100
[1584344856.472][SEVERE]: Timed out receiving message from renderer: 0.100
[1584344856.841][SEVERE]: Timed out receiving message from renderer: 0.100
[1584344856.972][SEVERE]: Timed out receiving message from renderer: 0.100
[1584344857.073][SEVERE]: Timed out receiving message from renderer: 0.100
[1584344857.175][SEVERE]: Timed out receiving message from renderer: 0.100
[1584344857.277][SEVERE]: Timed out receiving message from renderer: 0.100
[1584344857.378][SEVERE]: Timed out receiving message from renderer: 0.100
[1584344857.480][SEVERE]: Timed out receiving message from renderer: 0.100
[1584344857.583][SEVERE]: Timed out receiving message from renderer: 0.100
[1584344857.685][SEVERE]: Timed out receiving message from renderer: 0.100
[1584344857.787][SEVERE]: Timed out receiving message from renderer: 0.100
[1584344857.890][SEVERE]: Timed out receiving message from renderer: 0.100
[1584344857.991][SEVERE]: Timed out receiving message from renderer: 0.100
[1584344858.092][SEVERE]: Timed out receiving message from renderer: 0.100
[1584344858.194][SEVERE]: Timed out receiving message from renderer: 0.100
[1584344858.295][SEVERE]: Timed out receiving message from renderer: 0.100
[1584344858.396][SEVERE]: Timed out receiving message from renderer: 0.100
[1584344858.498][SEVERE]: Timed out receiving message from renderer: 0.100
[1584344858.601][SEVERE]: Timed out receiving message from renderer: 0.100
[1584344858.703][SEVERE]: Timed out receiving message from renderer: 0.100
[1584344858.841][SEVERE]: Timed out receiving message from renderer: 0.100
[1584344858.944][SEVERE]: Timed out receiving message from renderer: 0.100
[1584344859.046][SEVERE]: Timed out receiving message from renderer: 0.100
[1584344859.149][SEVERE]: Timed out receiving message from renderer: 0.100
[1584344859.251][SEVERE]: Timed out receiving message from renderer: 0.100
[1584344859.352][SEVERE]: Timed out receiving message from renderer: 0.100
[1584344859.469][SEVERE]: Timed out receiving message from renderer: 0.100
[1584344859.571][SEVERE]: Timed out receiving message from renderer: 0.100
[1584344862.891][SEVERE]: Timed out receiving message from renderer: 0.100
[1584344862.994][SEVERE]: Timed out receiving message from renderer: 0.100
[1584344863.119][SEVERE]: Timed out receiving message from renderer: 0.100
[1584344863.221][SEVERE]: Timed out receiving message from renderer: 0.100
[1584344863.407][SEVERE]: Timed out receiving message from renderer: 0.100
[1584344863.510][SEVERE]: Timed out receiving message from renderer: 0.100
[1584344865.241][SEVERE]: Timed out receiving message from renderer: 0.100
[1584344865.342][SEVERE]: Timed out receiving message from renderer: 0.100
[1584344865.552][SEVERE]: Timed out receiving message from renderer: 0.100
[1584344865.785][SEVERE]: Timed out receiving message from renderer: 0.100
[1584344865.887][SEVERE]: Timed out receiving message from renderer: 0.100
[1584344866.023][SEVERE]: Timed out receiving message from renderer: 0.100
[1584344867.894][SEVERE]: Timed out receiving message from renderer: 0.100
[1584344867.996][SEVERE]: Timed out receiving message from renderer: 0.100
[1584344868.098][SEVERE]: Timed out receiving message from renderer: 0.100
[1584344868.289][SEVERE]: Timed out receiving message from renderer: 0.100
[1584344868.392][SEVERE]: Timed out receiving message from renderer: 0.100
[1584344868.494][SEVERE]: Timed out receiving message from renderer: 0.100
[1584344870.212][SEVERE]: Timed out receiving message from renderer: 0.100
[1584344870.314][SEVERE]: Timed out receiving message from renderer: 0.100
[1584344870.416][SEVERE]: Timed out receiving message from renderer: 0.100
[1584344870.519][SEVERE]: Timed out receiving message from renderer: 0.100
[1584344870.621][SEVERE]: Timed out receiving message from renderer: 0.100
[1584344870.795][SEVERE]: Timed out receiving message from renderer: 0.100
[1584344870.897][SEVERE]: Timed out receiving message from renderer: 0.100
[1584344877.777][SEVERE]: Timed out receiving message from renderer: 0.100
[1584344877.911][SEVERE]: Timed out receiving message from renderer: 0.100
[1584344882.943][SEVERE]: Timed out receiving message from renderer: 0.100
[1584344883.202][SEVERE]: Timed out receiving message from renderer: 0.100
[1584344883.304][SEVERE]: Timed out receiving message from renderer: 0.100
[1584344883.518][SEVERE]: Timed out receiving message from renderer: 0.100
[1584344883.620][SEVERE]: Timed out receiving message from renderer: 0.100
[1584344883.767][SEVERE]: Timed out receiving message from renderer: 0.100
[1584344883.870][SEVERE]: Timed out receiving message from renderer: 0.100
[1584344883.972][SEVERE]: Timed out receiving message from renderer: 0.100
[1584344886.636][SEVERE]: Timed out receiving message from renderer: 0.100
[1584344886.842][SEVERE]: Timed out receiving message from renderer: 0.100
[1584344886.944][SEVERE]: Timed out receiving message from renderer: 0.100
[1584344887.047][SEVERE]: Timed out receiving message from renderer: 0.100
[1584344887.176][SEVERE]: Timed out receiving message from renderer: 0.100
[1584344887.279][SEVERE]: Timed out receiving message from renderer: 0.100
[1584344887.473][SEVERE]: Timed out receiving message from renderer: 0.100
[1584344887.575][SEVERE]: Timed out receiving message from renderer: 0.100
[1584344887.676][SEVERE]: Timed out receiving message from renderer: 0.100
]]></system-err>
</testsuite>
