<?xml version="1.0" encoding="UTF-8"?>
<testsuite name="com.broadleafcommerce.script.GiftCardTest" tests="1" skipped="0" failures="0" errors="0" timestamp="2020-03-15T12:48:15" hostname="Deepalis-MacBook-Pro.local" time="40.68">
  <properties/>
  <testcase name="selectHotSauceTest" classname="com.broadleafcommerce.script.GiftCardTest" time="40.68"/>
  <system-out><![CDATA[]]></system-out>
  <system-err><![CDATA[SLF4J: Failed to load class "org.slf4j.impl.StaticLoggerBinder".
SLF4J: Defaulting to no-operation (NOP) logger implementation
SLF4J: See http://www.slf4j.org/codes.html#StaticLoggerBinder for further details.
Starting ChromeDriver 80.0.3987.106 (f68069574609230cf9b635cd784cfb1bf81bb53a-refs/branch-heads/3987@{#882}) on port 11328
Only local connections are allowed.
Please protect ports used by ChromeDriver and related test frameworks to prevent access by malicious code.
Mar 15, 2020 6:18:03 PM org.openqa.selenium.remote.ProtocolHandshake createSession
INFO: Detected dialect: W3C
[1584276484.383][SEVERE]: Timed out receiving message from renderer: 0.100
[1584276484.486][SEVERE]: Timed out receiving message from renderer: 0.100
[1584276484.588][SEVERE]: Timed out receiving message from renderer: 0.100
[1584276484.690][SEVERE]: Timed out receiving message from renderer: 0.100
[1584276484.793][SEVERE]: Timed out receiving message from renderer: 0.100
[1584276484.895][SEVERE]: Timed out receiving message from renderer: 0.100
[1584276484.997][SEVERE]: Timed out receiving message from renderer: 0.100
[1584276485.098][SEVERE]: Timed out receiving message from renderer: 0.100
[1584276485.200][SEVERE]: Timed out receiving message from renderer: 0.100
[1584276485.467][SEVERE]: Timed out receiving message from renderer: 0.100
[1584276485.568][SEVERE]: Timed out receiving message from renderer: 0.100
[1584276485.816][SEVERE]: Timed out receiving message from renderer: 0.100
[1584276485.919][SEVERE]: Timed out receiving message from renderer: 0.100
[1584276486.020][SEVERE]: Timed out receiving message from renderer: 0.100
[1584276486.121][SEVERE]: Timed out receiving message from renderer: 0.100
[1584276486.233][SEVERE]: Timed out receiving message from renderer: 0.100
[1584276486.347][SEVERE]: Timed out receiving message from renderer: 0.100
[1584276486.449][SEVERE]: Timed out receiving message from renderer: 0.100
[1584276486.552][SEVERE]: Timed out receiving message from renderer: 0.100
[1584276486.654][SEVERE]: Timed out receiving message from renderer: 0.100
[1584276486.757][SEVERE]: Timed out receiving message from renderer: 0.100
[1584276486.859][SEVERE]: Timed out receiving message from renderer: 0.100
[1584276486.960][SEVERE]: Timed out receiving message from renderer: 0.100
[1584276487.062][SEVERE]: Timed out receiving message from renderer: 0.100
[1584276487.164][SEVERE]: Timed out receiving message from renderer: 0.100
[1584276487.266][SEVERE]: Timed out receiving message from renderer: 0.100
[1584276487.368][SEVERE]: Timed out receiving message from renderer: 0.100
[1584276487.470][SEVERE]: Timed out receiving message from renderer: 0.100
[1584276487.573][SEVERE]: Timed out receiving message from renderer: 0.100
[1584276487.675][SEVERE]: Timed out receiving message from renderer: 0.100
[1584276487.824][SEVERE]: Timed out receiving message from renderer: 0.100
[1584276487.926][SEVERE]: Timed out receiving message from renderer: 0.100
[1584276488.101][SEVERE]: Timed out receiving message from renderer: 0.100
[1584276491.464][SEVERE]: Timed out receiving message from renderer: 0.100
[1584276491.567][SEVERE]: Timed out receiving message from renderer: 0.100
[1584276491.668][SEVERE]: Timed out receiving message from renderer: 0.100
[1584276491.769][SEVERE]: Timed out receiving message from renderer: 0.100
[1584276491.871][SEVERE]: Timed out receiving message from renderer: 0.100
[1584276491.973][SEVERE]: Timed out receiving message from renderer: 0.100
[1584276492.074][SEVERE]: Timed out receiving message from renderer: 0.100
[1584276492.176][SEVERE]: Timed out receiving message from renderer: 0.100
[1584276492.343][SEVERE]: Timed out receiving message from renderer: 0.100
[1584276492.445][SEVERE]: Timed out receiving message from renderer: 0.100
[1584276492.548][SEVERE]: Timed out receiving message from renderer: 0.100
[1584276492.682][SEVERE]: Timed out receiving message from renderer: 0.100
[1584276492.784][SEVERE]: Timed out receiving message from renderer: 0.100
[1584276492.886][SEVERE]: Timed out receiving message from renderer: 0.100
[1584276494.605][SEVERE]: Timed out receiving message from renderer: 0.100
[1584276494.708][SEVERE]: Timed out receiving message from renderer: 0.100
[1584276494.886][SEVERE]: Timed out receiving message from renderer: 0.100
[1584276495.055][SEVERE]: Timed out receiving message from renderer: 0.100
[1584276495.160][SEVERE]: Timed out receiving message from renderer: 0.100
[1584276496.863][SEVERE]: Timed out receiving message from renderer: 0.100
[1584276496.966][SEVERE]: Timed out receiving message from renderer: 0.100
[1584276497.068][SEVERE]: Timed out receiving message from renderer: 0.100
[1584276497.170][SEVERE]: Timed out receiving message from renderer: 0.100
[1584276497.312][SEVERE]: Timed out receiving message from renderer: 0.100
[1584276497.506][SEVERE]: Timed out receiving message from renderer: 0.100
[1584276514.170][SEVERE]: Timed out receiving message from renderer: 0.100
[1584276514.271][SEVERE]: Timed out receiving message from renderer: 0.100
[1584276514.373][SEVERE]: Timed out receiving message from renderer: 0.100
[1584276514.475][SEVERE]: Timed out receiving message from renderer: 0.100
[1584276514.649][SEVERE]: Timed out receiving message from renderer: 0.100
[1584276514.751][SEVERE]: Timed out receiving message from renderer: 0.100
[1584276514.853][SEVERE]: Timed out receiving message from renderer: 0.100
[1584276518.498][SEVERE]: Timed out receiving message from renderer: 0.100
[1584276518.643][SEVERE]: Timed out receiving message from renderer: 0.100
[1584276518.801][SEVERE]: Timed out receiving message from renderer: 0.100
[1584276518.957][SEVERE]: Timed out receiving message from renderer: 0.100
[1584276519.059][SEVERE]: Timed out receiving message from renderer: 0.100
[1584276533.273][SEVERE]: Timed out receiving message from renderer: 0.100
[1584276533.378][SEVERE]: Timed out receiving message from renderer: 0.100
[1584276533.481][SEVERE]: Timed out receiving message from renderer: 0.100
[1584276533.582][SEVERE]: Timed out receiving message from renderer: 0.100
[1584276533.742][SEVERE]: Timed out receiving message from renderer: 0.100
[1584276533.844][SEVERE]: Timed out receiving message from renderer: 0.100
]]></system-err>
</testsuite>
