<?xml version="1.0" encoding="UTF-8"?>
<testsuite name="com.broadleafcommerce.script.RegisterTest" tests="1" skipped="0" failures="0" errors="0" timestamp="2020-03-12T09:34:44" hostname="Deepalis-MacBook-Pro.local" time="9.358">
  <properties/>
  <testcase name="givenURL_WhenValid_ThenShouldLaunchSuccessfully" classname="com.broadleafcommerce.script.RegisterTest" time="9.358"/>
  <system-out><![CDATA[]]></system-out>
  <system-err><![CDATA[SLF4J: Failed to load class "org.slf4j.impl.StaticLoggerBinder".
SLF4J: Defaulting to no-operation (NOP) logger implementation
SLF4J: See http://www.slf4j.org/codes.html#StaticLoggerBinder for further details.
log4j:WARN No appenders could be found for logger (org.apache.http.client.protocol.RequestAddCookies).
log4j:WARN Please initialize the log4j system properly.
log4j:WARN See http://logging.apache.org/log4j/1.2/faq.html#noconfig for more info.
Starting ChromeDriver 80.0.3987.106 (f68069574609230cf9b635cd784cfb1bf81bb53a-refs/branch-heads/3987@{#882}) on port 26736
Only local connections are allowed.
Please protect ports used by ChromeDriver and related test frameworks to prevent access by malicious code.
Mar 12, 2020 3:04:37 PM org.openqa.selenium.remote.ProtocolHandshake createSession
INFO: Detected dialect: W3C
[1584005678.515][SEVERE]: Timed out receiving message from renderer: 0.100
[1584005678.617][SEVERE]: Timed out receiving message from renderer: 0.100
[1584005678.719][SEVERE]: Timed out receiving message from renderer: 0.100
[1584005678.822][SEVERE]: Timed out receiving message from renderer: 0.100
[1584005678.925][SEVERE]: Timed out receiving message from renderer: 0.100
[1584005679.027][SEVERE]: Timed out receiving message from renderer: 0.100
[1584005679.129][SEVERE]: Timed out receiving message from renderer: 0.100
[1584005679.232][SEVERE]: Timed out receiving message from renderer: 0.100
[1584005679.333][SEVERE]: Timed out receiving message from renderer: 0.100
[1584005679.435][SEVERE]: Timed out receiving message from renderer: 0.100
[1584005679.537][SEVERE]: Timed out receiving message from renderer: 0.100
[1584005679.639][SEVERE]: Timed out receiving message from renderer: 0.100
[1584005679.741][SEVERE]: Timed out receiving message from renderer: 0.100
[1584005679.843][SEVERE]: Timed out receiving message from renderer: 0.100
[1584005679.945][SEVERE]: Timed out receiving message from renderer: 0.100
[1584005680.047][SEVERE]: Timed out receiving message from renderer: 0.100
[1584005680.149][SEVERE]: Timed out receiving message from renderer: 0.100
[1584005680.251][SEVERE]: Timed out receiving message from renderer: 0.100
[1584005680.353][SEVERE]: Timed out receiving message from renderer: 0.100
[1584005680.455][SEVERE]: Timed out receiving message from renderer: 0.100
[1584005680.557][SEVERE]: Timed out receiving message from renderer: 0.100
[1584005680.659][SEVERE]: Timed out receiving message from renderer: 0.100
[1584005680.761][SEVERE]: Timed out receiving message from renderer: 0.100
[1584005680.863][SEVERE]: Timed out receiving message from renderer: 0.100
[1584005680.964][SEVERE]: Timed out receiving message from renderer: 0.100
[1584005681.065][SEVERE]: Timed out receiving message from renderer: 0.100
[1584005681.167][SEVERE]: Timed out receiving message from renderer: 0.100
[1584005681.270][SEVERE]: Timed out receiving message from renderer: 0.100
[1584005681.372][SEVERE]: Timed out receiving message from renderer: 0.100
[1584005681.475][SEVERE]: Timed out receiving message from renderer: 0.100
[1584005681.576][SEVERE]: Timed out receiving message from renderer: 0.100
[1584005681.678][SEVERE]: Timed out receiving message from renderer: 0.100
[1584005681.780][SEVERE]: Timed out receiving message from renderer: 0.100
[1584005681.881][SEVERE]: Timed out receiving message from renderer: 0.100
[1584005682.200][SEVERE]: Timed out receiving message from renderer: 0.100
[1584005682.366][SEVERE]: Timed out receiving message from renderer: 0.100
[1584005682.467][SEVERE]: Timed out receiving message from renderer: 0.100
[1584005682.569][SEVERE]: Timed out receiving message from renderer: 0.100
[1584005682.671][SEVERE]: Timed out receiving message from renderer: 0.100
[1584005682.773][SEVERE]: Timed out receiving message from renderer: 0.100
[1584005682.875][SEVERE]: Timed out receiving message from renderer: 0.100
[1584005682.976][SEVERE]: Timed out receiving message from renderer: 0.100
[1584005683.078][SEVERE]: Timed out receiving message from renderer: 0.100
[1584005683.181][SEVERE]: Timed out receiving message from renderer: 0.100
[1584005683.283][SEVERE]: Timed out receiving message from renderer: 0.100
[1584005683.385][SEVERE]: Timed out receiving message from renderer: 0.100
[1584005683.488][SEVERE]: Timed out receiving message from renderer: 0.100
[1584005683.591][SEVERE]: Timed out receiving message from renderer: 0.100
[1584005683.692][SEVERE]: Timed out receiving message from renderer: 0.100
[1584005683.795][SEVERE]: Timed out receiving message from renderer: 0.100
[1584005683.944][SEVERE]: Timed out receiving message from renderer: 0.100
[1584005684.045][SEVERE]: Timed out receiving message from renderer: 0.100
[1584005684.215][SEVERE]: Timed out receiving message from renderer: 0.100
[1584005684.317][SEVERE]: Timed out receiving message from renderer: 0.100
[1584005684.418][SEVERE]: Timed out receiving message from renderer: 0.100
[1584005684.521][SEVERE]: Timed out receiving message from renderer: 0.100
[1584005684.623][SEVERE]: Timed out receiving message from renderer: 0.100
[1584005684.725][SEVERE]: Timed out receiving message from renderer: 0.100
[1584005684.828][SEVERE]: Timed out receiving message from renderer: 0.100
[1584005685.483][SEVERE]: Timed out receiving message from renderer: 0.100
[1584005685.585][SEVERE]: Timed out receiving message from renderer: 0.100
[1584005685.687][SEVERE]: Timed out receiving message from renderer: 0.100
[1584005685.789][SEVERE]: Timed out receiving message from renderer: 0.100
[1584005685.890][SEVERE]: Timed out receiving message from renderer: 0.100
[1584005686.076][SEVERE]: Timed out receiving message from renderer: 0.100
[1584005686.178][SEVERE]: Timed out receiving message from renderer: 0.100
[1584005686.280][SEVERE]: Timed out receiving message from renderer: 0.100
[1584005686.382][SEVERE]: Timed out receiving message from renderer: 0.100
[1584005686.484][SEVERE]: Timed out receiving message from renderer: 0.100
[1584005686.586][SEVERE]: Timed out receiving message from renderer: 0.100
[1584005686.689][SEVERE]: Timed out receiving message from renderer: 0.100
[1584005686.791][SEVERE]: Timed out receiving message from renderer: 0.100
[1584005686.893][SEVERE]: Timed out receiving message from renderer: 0.100
[1584005691.637][SEVERE]: Timed out receiving message from renderer: 0.100
[1584005691.739][SEVERE]: Timed out receiving message from renderer: 0.100
[1584005691.841][SEVERE]: Timed out receiving message from renderer: 0.100
[1584005691.943][SEVERE]: Timed out receiving message from renderer: 0.100
[1584005692.113][SEVERE]: Timed out receiving message from renderer: 0.100
[1584005692.215][SEVERE]: Timed out receiving message from renderer: 0.100
[1584005693.615][SEVERE]: Timed out receiving message from renderer: 0.100
[1584005693.845][SEVERE]: Timed out receiving message from renderer: 0.100
[1584005693.947][SEVERE]: Timed out receiving message from renderer: 0.100
[1584005694.138][SEVERE]: Timed out receiving message from renderer: 0.100
[1584005694.240][SEVERE]: Timed out receiving message from renderer: 0.100
]]></system-err>
</testsuite>
